c:\users\abel\source\repos\multicore_final\multicore_final\x64\release\vc142.pdb
c:\users\abel\source\repos\multicore_final\multicore_final\x64\release\canny.obj
c:\users\abel\source\repos\multicore_final\multicore_final\x64\release\ds_timer.obj
c:\users\abel\source\repos\multicore_final\x64\release\multicore_final.exe
c:\users\abel\source\repos\multicore_final\x64\release\multicore_final.pdb
c:\users\abel\source\repos\multicore_final\x64\release\multicore_final.lib
c:\users\abel\source\repos\multicore_final\x64\release\multicore_final.exp
c:\users\abel\source\repos\multicore_final\x64\release\multicore_final.ipdb
c:\users\abel\source\repos\multicore_final\x64\release\multicore_final.iobj
c:\users\abel\source\repos\multicore_final\multicore_final\x64\release\canny.cu.cache
c:\users\abel\source\repos\multicore_final\multicore_final\x64\release\kernel.cu.cache
c:\users\abel\source\repos\multicore_final\multicore_final\x64\release\main.cu.cache
c:\users\abel\source\repos\multicore_final\multicore_final\x64\release\canny.cu.obj
c:\users\abel\source\repos\multicore_final\multicore_final\x64\release\kernel.cu.obj
c:\users\abel\source\repos\multicore_final\multicore_final\x64\release\main.cu.obj
c:\users\abel\source\repos\multicore_final\multicore_final\x64\release\multicore_final.tlog\cl.command.1.tlog
c:\users\abel\source\repos\multicore_final\multicore_final\x64\release\multicore_final.tlog\cl.read.1.tlog
c:\users\abel\source\repos\multicore_final\multicore_final\x64\release\multicore_final.tlog\cl.write.1.tlog
c:\users\abel\source\repos\multicore_final\multicore_final\x64\release\multicore_final.tlog\cudacompile.read.1u.tlog
c:\users\abel\source\repos\multicore_final\multicore_final\x64\release\multicore_final.tlog\cudacompile.write.1u.tlog
c:\users\abel\source\repos\multicore_final\multicore_final\x64\release\multicore_final.tlog\link.command.1.tlog
c:\users\abel\source\repos\multicore_final\multicore_final\x64\release\multicore_final.tlog\link.read.1.tlog
c:\users\abel\source\repos\multicore_final\multicore_final\x64\release\multicore_final.tlog\link.write.1.tlog
c:\users\abel\source\repos\multicore_final\multicore_final\x64\release\multicore_final.tlog\multicore_final.write.1u.tlog
